make all --print-data-base --no-builtin-variables --no-builtin-rules --question
# GNU Make 4.2.1
# Built for x86_64-pc-linux-gnu
# Copyright (C) 1988-2016 Free Software Foundation, Inc.
# License GPLv3+: GNU GPL version 3 or later <http://gnu.org/licenses/gpl.html>
# This is free software: you are free to change and redistribute it.
# There is NO WARRANTY, to the extent permitted by law.

 
# Make data base, printed on Tue Feb 15 19:57:43 2022

# Variables

# automatic
<D = $(patsubst %/,%,$(dir $<))
# automatic
?F = $(notdir $?)
# environment
DESKTOP_SESSION = plasma
# default
.SHELLFLAGS := -c
# environment
XDG_SESSION_CLASS = user
# environment
SNAP_COMMON = /var/snap/code/common
# environment
XDG_SESSION_TYPE = x11
# environment
VSCODE_LOG_NATIVE = false
# automatic
?D = $(patsubst %/,%,$(dir $?))
# automatic
@D = $(patsubst %/,%,$(dir $@))
# environment
XAUTHORITY = /home/adampapp/.Xauthority
# automatic
@F = $(notdir $@)
# default
MAKE_VERSION := 4.2.1
# makefile
CURDIR := /media/adampapp/2TBHDD/C/rogue_like
# makefile
SHELL = /bin/sh
# environment
SNAP_DATA = /var/snap/code/88
# environment
VSCODE_NLS_CONFIG = {"locale":"en-gb","availableLanguages":{},"_languagePackSupport":true}
# environment
_ = /snap/code/88/usr/share/code/code
# environment
QT_AUTO_SCREEN_SCALE_FACTOR = 0
# environment
XDG_CONFIG_DIRS = /etc/xdg/xdg-plasma:/etc/xdg
# environment
SNAP_INSTANCE_NAME = code
# environment
SNAP_ARCH = amd64
# makefile (from 'Makefile', line 1)
MAKEFILE_LIST :=  Makefile
# 'override' directive
GNUMAKEFLAGS := 
# environment
MANDATORY_PATH = /usr/share/gconf/plasma.mandatory.path
# environment
XDG_DATA_DIRS = /usr/share/plasma:/home/adampapp/.local/share/flatpak/exports/share:/var/lib/flatpak/exports/share:/usr/local/share:/usr/share:/var/lib/snapd/desktop
# environment
DBUS_SESSION_BUS_ADDRESS = unix:path=/run/user/1000/bus
# environment
VSCODE_VERBOSE_LOGGING = true
# makefile (from 'Makefile', line 1)
OBJS = engine.c main.c game.c mapgen.c camera.c
# environment
LESSOPEN = | /usr/bin/lesspipe %s
# environment
VSCODE_CWD = /media/adampapp/2TBHDD/C
# environment
XDG_SESSION_PATH = /org/freedesktop/DisplayManager/Session0
# environment
GSETTINGS_SCHEMA_DIR = /snap/code/88/usr/share/glib-2.0/schemas
# default
MAKE_HOST := x86_64-pc-linux-gnu
# environment
PATH = /home/adampapp/.local/bin:/home/adampapp/.local/bin:/usr/local/sbin:/usr/local/bin:/usr/sbin:/usr/bin:/sbin:/bin:/usr/games:/usr/local/games:/snap/bin
# environment
GPG_AGENT_INFO = /run/user/1000/gnupg/S.gpg-agent:0:1
# environment
XCURSOR_THEME = Layan-white-cursors
# environment
SESSION_MANAGER = local/pop-os:@/tmp/.ICE-unix/1700,unix/pop-os:/tmp/.ICE-unix/1700
# environment
XDG_RUNTIME_DIR = /run/user/1000
# environment
GDK_PIXBUF_MODULE_FILE = /home/adampapp/snap/code/common/.cache/gdk-pixbuf-loaders.cache
# environment
SNAP = /snap/code/88
# environment
SNAP_VERSION = f80445ac
# environment
VSCODE_LOG_STACK = false
# environment
DISABLE_WAYLAND = 1
# environment
VSCODE_CRASH_REPORTER_START_OPTIONS = {"companyName":"Microsoft","productName":"VSCode","submitURL":"appcenter://code?aid=fba07a4d-84bd-4fc8-a125-9640fc8ce171&uid=b5fd0a8e-0573-4696-a3f6-54403d6db669&iid=b5fd0a8e-0573-4696-a3f6-54403d6db669&sid=b5fd0a8e-0573-4696-a3f6-54403d6db669","uploadToServer":true}
# environment
GDK_PIXBUF_MODULEDIR = /snap/code/88/usr/lib/x86_64-linux-gnu/gdk-pixbuf-2.0/2.10.0/loaders
# default
.FEATURES := target-specific order-only second-expansion else-if shortest-stem undefine oneshell archives jobserver output-sync check-symlink load
# environment
LS_COLORS = 
# environment
XDG_SESSION_DESKTOP = KDE
# environment
SSH_AUTH_SOCK = /tmp/ssh-z04mn1dt35MA/agent.1384
# automatic
%F = $(notdir $%)
# environment
DISPLAY = :0
# environment
VSCODE_PIPE_LOGGING = true
# environment
SNAP_INSTANCE_KEY = 
# environment
PWD = /media/adampapp/2TBHDD/C/rogue_like
# environment
KDE_SESSION_VERSION = 5
# default
.LOADED := 
# environment
XDG_SEAT = seat0
# environment
SSH_AGENT_PID = 1517
# environment
ORIGINAL_XDG_CURRENT_DESKTOP = KDE
# makefile (from 'Makefile', line 7)
LINKER_FLAGS = -lSDL2 -lSDL2_image
# environment
GTK_MODULES = gail:atk-bridge
# environment
VSCODE_AMD_ENTRYPOINT = vs/workbench/services/extensions/node/extensionHostProcess
# environment
HOME = /home/adampapp
# environment
LESSCLOSE = /usr/bin/lesspipe %s %s
# environment
VSCODE_CLI = 1
# environment
VSCODE_CODE_CACHE_PATH = /home/adampapp/.config/Code/CachedData/f80445acd5a3dadef24aa209168452a3d97cc326
# environment
LOGNAME = adampapp
# environment
APPLICATION_INSIGHTS_NO_DIAGNOSTIC_CHANNEL = 1
# environment
SNAP_LIBRARY_PATH = /var/lib/snapd/lib/gl:/var/lib/snapd/lib/gl32:/var/lib/snapd/void
# environment
SNAP_CONTEXT = D4W96_aNZZUVEUbeQ7YdrVex4ojs7vRQ3mUzv8Bl2MFPhT6y_IMI
# environment
KDE_FULL_SESSION = true
# environment
ELECTRON_NO_ATTACH_CONSOLE = 1
# environment
SNAP_USER_COMMON = /home/adampapp/snap/code/common
# environment
VSCODE_HANDLES_UNCAUGHT_ERRORS = true
# automatic
^D = $(patsubst %/,%,$(dir $^))
# environment
XDG_VTNR = 1
# environment
MAKELEVEL := 0
# environment
SNAP_REAL_HOME = /home/adampapp
# default
MAKE = $(MAKE_COMMAND)
# default
MAKECMDGOALS := all
# makefile (from 'Makefile', line 5)
COMPILER_FLAGS = -w
# environment
SNAP_USER_DATA = /home/adampapp/snap/code/88
# environment
SHLVL = 0
# makefile (from 'Makefile', line 3)
CC = gcc
# environment
VSCODE_IPC_HOOK_EXTHOST = /run/user/1000/vscode-ipc-92cfa416-ef09-40c4-a6f2-32dc6a7d9550.sock
# environment
XDG_SESSION_ID = 1
# environment
USER = adampapp
# environment
SNAP_REVISION = 88
# makefile
.DEFAULT_GOAL := all
# environment
XDG_CURRENT_DESKTOP = KDE
# automatic
%D = $(patsubst %/,%,$(dir $%))
# default
MAKE_COMMAND := make
# default
.VARIABLES := 
# automatic
*F = $(notdir $*)
# environment
LANGUAGE = 
# environment
XDG_SEAT_PATH = /org/freedesktop/DisplayManager/Seat0
# environment
VSCODE_IPC_HOOK = /run/user/1000/vscode-27e6145e-1.64.2-main.sock
# environment
BAMF_DESKTOP_FILE_HINT = /var/lib/snapd/desktop/applications/code_code.desktop
# makefile
MAKEFLAGS = pqrR
# environment
MFLAGS = -pqrR
# automatic
*D = $(patsubst %/,%,$(dir $*))
# environment
BREAKPAD_DUMP_LOCATION = /home/adampapp/.config/Code/exthost Crash Reports
# automatic
+D = $(patsubst %/,%,$(dir $+))
# environment
GDK_BACKEND = x11
# automatic
+F = $(notdir $+)
# environment
QT_ACCESSIBILITY = 1
# environment
DEFAULTS_PATH = /usr/share/gconf/plasma.default.path
# default
MAKEFILES := 
# environment
SNAP_COOKIE = D4W96_aNZZUVEUbeQ7YdrVex4ojs7vRQ3mUzv8Bl2MFPhT6y_IMI
# automatic
<F = $(notdir $<)
# environment
ELECTRON_RUN_AS_NODE = 1
# environment
SNAP_NAME = code
# environment
LC_ALL = C
# automatic
^F = $(notdir $^)
# default
SUFFIXES := 
# environment
SNAP_REEXEC = 
# environment
CHROME_DESKTOP = code-url-handler.desktop
# default
.INCLUDE_DIRS = /usr/include /usr/local/include /usr/include
# makefile (from 'Makefile', line 9)
OBJ_NAME = rogue_like
# default
.RECIPEPREFIX := 
# environment
LANG = C
# environment
VSCODE_PID = 60201
# environment
KDE_SESSION_UID = 1000
# variable set hash-table stats:
# Load=124/1024=12%, Rehash=0, Collisions=15/159=9%

# Pattern-specific Variable Values

# No pattern-specific variable values.

# Directories

# . (device 2049, inode 121110590): 17 files, no impossibilities.

# 17 files, no impossibilities in 1 directories.

# Implicit Rules

# No implicit rules.

 
# Files

# Not a target:
game.c:
#  Implicit rule search has been done.
#  Last modified 2022-02-15 19:56:58.836657133
#  File has been updated.
#  Successfully updated.

all: engine.c main.c game.c mapgen.c camera.c
#  Command line target.
#  Implicit rule search has not been done.
#  Implicit/static pattern stem: ''
#  File does not exist.
#  File has been updated.
#  Needs to be updated (-q is set).
# automatic
# @ := all
# automatic
# % := 
# automatic
# * := 
# automatic
# + := engine.c main.c game.c mapgen.c camera.c
# automatic
# | := 
# automatic
# < := engine.c
# automatic
# ^ := engine.c main.c game.c mapgen.c camera.c
# automatic
# ? := engine.c main.c game.c mapgen.c camera.c
# variable set hash-table stats:
# Load=8/32=25%, Rehash=0, Collisions=2/17=12%
#  recipe to execute (from 'Makefile', line 12):
	$(CC) $(OBJS) $(COMPILER_FLAGS) $(LINKER_FLAGS) -o $(OBJ_NAME)
	./$(OBJ_NAME)

# Not a target:
engine.c:
#  Implicit rule search has been done.
#  Last modified 2022-02-15 19:43:17.412161402
#  File has been updated.
#  Successfully updated.

# Not a target:
main.c:
#  Implicit rule search has been done.
#  Last modified 2022-02-07 17:34:21
#  File has been updated.
#  Successfully updated.

# Not a target:
.SUFFIXES:
#  Implicit rule search has not been done.
#  Modification time never checked.
#  File has not been updated.

# Not a target:
Makefile:
#  Implicit rule search has been done.
#  Last modified 2022-02-15 19:57:40.557092973
#  File has been updated.
#  Successfully updated.

# Not a target:
.DEFAULT:
#  Implicit rule search has not been done.
#  Modification time never checked.
#  File has not been updated.

# Not a target:
camera.c:
#  Implicit rule search has been done.
#  Last modified 2022-02-15 19:55:11.675522336
#  File has been updated.
#  Successfully updated.

# Not a target:
mapgen.c:
#  Implicit rule search has been done.
#  Last modified 2022-02-15 19:41:05.262950984
#  File has been updated.
#  Successfully updated.

# files hash-table stats:
# Load=9/1024=1%, Rehash=0, Collisions=1/26=4%
# VPATH Search Paths

# No 'vpath' search paths.

# No general ('VPATH' variable) search path.

# strcache buffers: 1 (0) / strings = 22 / storage = 198 B / avg = 9 B
# current buf: size = 8162 B / used = 198 B / count = 22 / avg = 9 B

# strcache performance: lookups = 34 / hit rate = 35%
# hash-table stats:
# Load=22/8192=0%, Rehash=0, Collisions=1/34=3%
# Finished Make data base on Tue Feb 15 19:57:43 2022

 
